#
# There is insufficient memory for the Java Runtime Environment to continue.
# Native memory allocation (mmap) failed to map 132120576 bytes for G1 virtual space
# Possible reasons:
#   The system is out of physical RAM or swap space
#   The process is running with CompressedOops enabled, and the Java Heap may be blocking the growth of the native heap
# Possible solutions:
#   Reduce memory load on the system
#   Increase physical memory or swap space
#   Check if swap backing store is full
#   Decrease Java heap size (-Xmx/-Xms)
#   Decrease number of Java threads
#   Decrease Java thread stack sizes (-Xss)
#   Set larger code cache with -XX:ReservedCodeCacheSize=
#   JVM is running with Unscaled Compressed Oops mode in which the Java heap is
#     placed in the first 4GB address space. The Java Heap base address is the
#     maximum limit for the native heap growth. Please use -XX:HeapBaseMinAddress
#     to set the Java Heap base and to place the Java Heap above 4GB virtual address.
# This output file may be truncated or incomplete.
#
#  Out of Memory Error (os_windows.cpp:3469), pid=12824, tid=17188
#
# JRE version:  (17.0.1+12) (build )
# Java VM: OpenJDK 64-Bit Server VM (17.0.1+12, mixed mode, sharing, tiered, compressed oops, compressed class ptrs, g1 gc, windows-amd64)
# No core dump will be written. Minidumps are not enabled by default on client versions of Windows
#

---------------  S U M M A R Y ------------

Command Line: -Dfile.encoding=Cp1252 -XX:+ShowCodeDetailsInExceptionMessages application.main1

Host: Intel(R) Core(TM) i5-1035G1 CPU @ 1.00GHz, 8 cores, 7G,  Windows 10 , 64 bit Build 19041 (10.0.19041.2364)
Time: Tue Jan 31 10:52:31 2023 Paris, Madrid elapsed time: 0.014322 seconds (0d 0h 0m 0s)

---------------  T H R E A D  ---------------

Current thread (0x000001b0072e46c0):  JavaThread "Unknown thread" [_thread_in_vm, id=17188, stack(0x0000002aebf00000,0x0000002aec000000)]

Stack: [0x0000002aebf00000,0x0000002aec000000]
Native frames: (J=compiled Java code, j=interpreted, Vv=VM code, C=native code)
V  [jvm.dll+0x6744da]
V  [jvm.dll+0x82e144]
V  [jvm.dll+0x82f8ee]
V  [jvm.dll+0x82ff53]
V  [jvm.dll+0x245175]
V  [jvm.dll+0x6714c9]
V  [jvm.dll+0x665f92]
V  [jvm.dll+0x303c3b]
V  [jvm.dll+0x30b176]
V  [jvm.dll+0x35af1e]
V  [jvm.dll+0x35b14f]
V  [jvm.dll+0x2dab78]
V  [jvm.dll+0x2dbae4]
V  [jvm.dll+0x7ffdf1]
V  [jvm.dll+0x368c91]
V  [jvm.dll+0x7df2cc]
V  [jvm.dll+0x3eb59f]
V  [jvm.dll+0x3ed121]
C  [jli.dll+0x5277]
C  [ucrtbase.dll+0x21bb2]
C  [KERNEL32.DLL+0x17614]
C  [ntdll.dll+0x526a1]


---------------  P R O C E S S  ---------------

Threads class SMR info:
_java_thread_list=0x00007ffa7f4c4e58, length=0, elements={
}

Java Threads: ( => current thread )

Other Threads:
  0x000001b007324800 GCTaskThread "GC Thread#0" [stack: 0x0000002aec000000,0x0000002aec100000] [id=2268]
  0x000001b0073358b0 ConcurrentGCThread "G1 Main Marker" [stack: 0x0000002aec100000,0x0000002aec200000] [id=5964]
  0x000001b0073362c0 ConcurrentGCThread "G1 Conc#0" [stack: 0x0000002aec200000,0x0000002aec300000] [id=15468]

[error occurred during error reporting (printing all threads), id 0xc0000005, EXCEPTION_ACCESS_VIOLATION (0xc0000005) at pc=0x00007ffa7ec9b5f7]

VM state: not at safepoint (not fully initialized)

VM Mutex/Monitor currently owned by a thread:  ([mutex/lock_event])
[0x000001b0072e1730] Heap_lock - owner thread: 0x000001b0072e46c0

Heap address: 0x0000000083800000, size: 1992 MB, Compressed Oops mode: 32-bit

CDS archive(s) mapped at: [0x0000000000000000-0x0000000000000000-0x0000000000000000), size 0, SharedBaseAddress: 0x0000000800000000, ArchiveRelocationMode: 0.
Narrow klass base: 0x0000000000000000, Narrow klass shift: 0, Narrow klass range: 0x0

GC Precious Log:
<Empty>

Heap:
 garbage-first heap   total 0K, used 0K [0x0000000083800000, 0x0000000100000000)
  region size 1024K, 0 young (0K), 0 survivors (0K)

[error occurred during error reporting (printing heap information), id 0xc0000005, EXCEPTION_ACCESS_VIOLATION (0xc0000005) at pc=0x00007ffa7f07d729]

GC Heap History (0 events):
No events

Deoptimization events (0 events):
No events

Classes unloaded (0 events):
No events

Classes redefined (0 events):
No events

Internal exceptions (0 events):
No events

VM Operations (0 events):
No events

Events (1 events):
Event: 0.008 Loaded shared library C:\Users\necha\Downloads\eclipse-java-2021-12-R-win32-x86_64\eclipse\plugins\org.eclipse.justj.openjdk.hotspot.jre.full.win32.x86_64_17.0.1.v20211116-1657\jre\bin\java.dll


Dynamic libraries:
0x00007ff75da40000 - 0x00007ff75da4e000 	C:\Users\necha\Downloads\eclipse-java-2021-12-R-win32-x86_64\eclipse\plugins\org.eclipse.justj.openjdk.hotspot.jre.full.win32.x86_64_17.0.1.v20211116-1657\jre\bin\javaw.exe
0x00007ffab6350000 - 0x00007ffab6548000 	C:\WINDOWS\SYSTEM32\ntdll.dll
0x00007ffa68160000 - 0x00007ffa68177000 	C:\Program Files\Avast Software\Avast\aswhook.dll
0x00007ffab48b0000 - 0x00007ffab496f000 	C:\WINDOWS\System32\KERNEL32.DLL
0x00007ffab4030000 - 0x00007ffab4302000 	C:\WINDOWS\System32\KERNELBASE.dll
0x00007ffab3e00000 - 0x00007ffab3f00000 	C:\WINDOWS\System32\ucrtbase.dll
0x00007ffa83ea0000 - 0x00007ffa83eb8000 	C:\Users\necha\Downloads\eclipse-java-2021-12-R-win32-x86_64\eclipse\plugins\org.eclipse.justj.openjdk.hotspot.jre.full.win32.x86_64_17.0.1.v20211116-1657\jre\bin\jli.dll
0x00007ffa82c50000 - 0x00007ffa82c69000 	C:\Users\necha\Downloads\eclipse-java-2021-12-R-win32-x86_64\eclipse\plugins\org.eclipse.justj.openjdk.hotspot.jre.full.win32.x86_64_17.0.1.v20211116-1657\jre\bin\VCRUNTIME140.dll
0x00007ffab60e0000 - 0x00007ffab6281000 	C:\WINDOWS\System32\USER32.dll
0x00007ffa9d4b0000 - 0x00007ffa9d74a000 	C:\WINDOWS\WinSxS\amd64_microsoft.windows.common-controls_6595b64144ccf1df_6.0.19041.1110_none_60b5254171f9507e\COMCTL32.dll
0x00007ffab4360000 - 0x00007ffab4382000 	C:\WINDOWS\System32\win32u.dll
0x00007ffab5500000 - 0x00007ffab559e000 	C:\WINDOWS\System32\msvcrt.dll
0x00007ffab4590000 - 0x00007ffab45bb000 	C:\WINDOWS\System32\GDI32.dll
0x00007ffab3cc0000 - 0x00007ffab3dcf000 	C:\WINDOWS\System32\gdi32full.dll
0x00007ffab3f90000 - 0x00007ffab402d000 	C:\WINDOWS\System32\msvcp_win.dll
0x00007ffab4790000 - 0x00007ffab47c2000 	C:\WINDOWS\System32\IMM32.DLL
0x00007ffa8d070000 - 0x00007ffa8d07c000 	C:\Users\necha\Downloads\eclipse-java-2021-12-R-win32-x86_64\eclipse\plugins\org.eclipse.justj.openjdk.hotspot.jre.full.win32.x86_64_17.0.1.v20211116-1657\jre\bin\vcruntime140_1.dll
0x00007ffa82bb0000 - 0x00007ffa82c41000 	C:\Users\necha\Downloads\eclipse-java-2021-12-R-win32-x86_64\eclipse\plugins\org.eclipse.justj.openjdk.hotspot.jre.full.win32.x86_64_17.0.1.v20211116-1657\jre\bin\msvcp140.dll
0x00007ffa7e9b0000 - 0x00007ffa7f5f6000 	C:\Users\necha\Downloads\eclipse-java-2021-12-R-win32-x86_64\eclipse\plugins\org.eclipse.justj.openjdk.hotspot.jre.full.win32.x86_64_17.0.1.v20211116-1657\jre\bin\server\jvm.dll
0x00007ffab4a40000 - 0x00007ffab4aee000 	C:\WINDOWS\System32\ADVAPI32.dll
0x00007ffab6040000 - 0x00007ffab60dc000 	C:\WINDOWS\System32\sechost.dll
0x00007ffab4390000 - 0x00007ffab44b5000 	C:\WINDOWS\System32\RPCRT4.dll
0x00007ffab4da0000 - 0x00007ffab4da8000 	C:\WINDOWS\System32\PSAPI.DLL
0x00007ffaa7b50000 - 0x00007ffaa7b5a000 	C:\WINDOWS\SYSTEM32\VERSION.dll
0x00007ffa9bda0000 - 0x00007ffa9bda9000 	C:\WINDOWS\SYSTEM32\WSOCK32.dll
0x00007ffa9ec40000 - 0x00007ffa9ec67000 	C:\WINDOWS\SYSTEM32\WINMM.dll
0x00007ffab4970000 - 0x00007ffab49db000 	C:\WINDOWS\System32\WS2_32.dll
0x00007ffab2290000 - 0x00007ffab22a2000 	C:\WINDOWS\SYSTEM32\kernel.appcore.dll
0x00007ffaa77d0000 - 0x00007ffaa77da000 	C:\Users\necha\Downloads\eclipse-java-2021-12-R-win32-x86_64\eclipse\plugins\org.eclipse.justj.openjdk.hotspot.jre.full.win32.x86_64_17.0.1.v20211116-1657\jre\bin\jimage.dll
0x00007ffab17e0000 - 0x00007ffab19c4000 	C:\WINDOWS\SYSTEM32\DBGHELP.DLL
0x00007ffaa5b40000 - 0x00007ffaa5b75000 	C:\WINDOWS\SYSTEM32\dbgcore.DLL
0x00007ffab3f00000 - 0x00007ffab3f82000 	C:\WINDOWS\System32\bcryptPrimitives.dll
0x00007ffa9a910000 - 0x00007ffa9a935000 	C:\Users\necha\Downloads\eclipse-java-2021-12-R-win32-x86_64\eclipse\plugins\org.eclipse.justj.openjdk.hotspot.jre.full.win32.x86_64_17.0.1.v20211116-1657\jre\bin\java.dll

dbghelp: loaded successfully - version: 4.0.5 - missing functions: none
symbol engine: initialized successfully - sym options: 0x614 - pdb path: .;C:\Users\necha\Downloads\eclipse-java-2021-12-R-win32-x86_64\eclipse\plugins\org.eclipse.justj.openjdk.hotspot.jre.full.win32.x86_64_17.0.1.v20211116-1657\jre\bin;C:\WINDOWS\SYSTEM32;C:\Program Files\Avast Software\Avast;C:\WINDOWS\WinSxS\amd64_microsoft.windows.common-controls_6595b64144ccf1df_6.0.19041.1110_none_60b5254171f9507e;C:\Users\necha\Downloads\eclipse-java-2021-12-R-win32-x86_64\eclipse\plugins\org.eclipse.justj.openjdk.hotspot.jre.full.win32.x86_64_17.0.1.v20211116-1657\jre\bin\server

VM Arguments:
jvm_args: -Dfile.encoding=Cp1252 -XX:+ShowCodeDetailsInExceptionMessages 
java_command: application.main1
java_class_path (initial): C:\Users\necha\Documents\SGBT\SGBT\LabSessionSGBD\bin
Launcher Type: SUN_STANDARD

[Global flags]
     intx CICompilerCount                          = 4                                         {product} {ergonomic}
     uint ConcGCThreads                            = 2                                         {product} {ergonomic}
     uint G1ConcRefinementThreads                  = 8                                         {product} {ergonomic}
   size_t G1HeapRegionSize                         = 1048576                                   {product} {ergonomic}
    uintx GCDrainStackTargetSize                   = 64                                        {product} {ergonomic}
   size_t InitialHeapSize                          = 132120576                                 {product} {ergonomic}
   size_t MarkStackSize                            = 4194304                                   {product} {ergonomic}
   size_t MaxHeapSize                              = 2088763392                                {product} {ergonomic}
   size_t MinHeapDeltaBytes                        = 1048576                                   {product} {ergonomic}
   size_t MinHeapSize                              = 8388608                                   {product} {ergonomic}
    uintx NonNMethodCodeHeapSize                   = 5839372                                {pd product} {ergonomic}
    uintx NonProfiledCodeHeapSize                  = 122909434                              {pd product} {ergonomic}
    uintx ProfiledCodeHeapSize                     = 122909434                              {pd product} {ergonomic}
    uintx ReservedCodeCacheSize                    = 251658240                              {pd product} {ergonomic}
     bool SegmentedCodeCache                       = true                                      {product} {ergonomic}
     bool ShowCodeDetailsInExceptionMessages       = true                                   {manageable} {command line}
   size_t SoftMaxHeapSize                          = 2088763392                             {manageable} {ergonomic}
     bool UseCompressedClassPointers               = true                           {product lp64_product} {ergonomic}
     bool UseCompressedOops                        = true                           {product lp64_product} {ergonomic}
     bool UseG1GC                                  = true                                      {product} {ergonomic}
     bool UseLargePagesIndividualAllocation        = false                                  {pd product} {ergonomic}

Logging:
Log output configuration:
 #0: stdout all=warning uptime,level,tags
 #1: stderr all=off uptime,level,tags

Environment Variables:
JAVA_HOME=D:\Programmes\Eclipse Adoptium\jdk-17.0.2.8-hotspot
PATH=C:/Users/necha/Downloads/eclipse-java-2021-12-R-win32-x86_64/eclipse//plugins/org.eclipse.justj.openjdk.hotspot.jre.full.win32.x86_64_17.0.1.v20211116-1657/jre/bin/server;C:/Users/necha/Downloads/eclipse-java-2021-12-R-win32-x86_64/eclipse//plugins/org.eclipse.justj.openjdk.hotspot.jre.full.win32.x86_64_17.0.1.v20211116-1657/jre/bin;D:\Programmes\Eclipse Adoptium\jdk-17.0.2.8-hotspot\bin;C:\WINDOWS\system32;C:\WINDOWS;C:\WINDOWS\System32\Wbem;C:\WINDOWS\System32\WindowsPowerShell\v1.0\;C:\WINDOWS\System32\OpenSSH\;C:\Program Files (x86)\WinSCP\;C:\Program Files\Git\cmd;C:\Program Files\NVIDIA Corporation\NVIDIA NvDLISR;C:\Program Files\apache-maven-3.8.5\bin;C:\Program Files\PostgreSQL\14\bin;C:\Users\necha\.jbang\bin;C:\Users\necha\AppData\Local\Programs\Python\Python39\Scripts\;C:\Users\necha\AppData\Local\Programs\Python\Python39\;C:\Users\necha\AppData\Local\Microsoft\WindowsApps;C:\Users\necha\AppData\Local\Programs\Microsoft VS Code\bin;C:\Users\necha\AppData\Local\GitHubDesktop\bin;C:\Program Files\heroku\bin;C:\Users\necha\Downloads\eclipse-java-2021-12-R-win32-x86_64\eclipse;
USERNAME=necha
OS=Windows_NT
PROCESSOR_IDENTIFIER=Intel64 Family 6 Model 126 Stepping 5, GenuineIntel



---------------  S Y S T E M  ---------------

OS:
 Windows 10 , 64 bit Build 19041 (10.0.19041.2364)
OS uptime: 0 days 2:08 hours

CPU: total 8 (initial active 8) (4 cores per cpu, 2 threads per core) family 6 model 126 stepping 5 microcode 0x70, cx8, cmov, fxsr, ht, mmx, 3dnowpref, sse, sse2, sse3, ssse3, sse4.1, sse4.2, popcnt, lzcnt, tsc, tscinvbit, avx, avx2, aes, erms, clmul, bmi1, bmi2, adx, avx512f, avx512dq, avx512cd, avx512bw, avx512vl, sha, fma, vzeroupper, avx512_vpopcntdq, avx512_vpclmulqdq, avx512_vaes, avx512_vnni, clflush, clflushopt, avx512_vbmi2, avx512_vbmi

Memory: 4k page, system-wide physical 7960M (578M free)
TotalPageFile size 10534M (AvailPageFile size 118M)
current process WorkingSet (physical memory assigned to process): 10M, peak: 10M
current process commit charge ("private bytes"): 60M, peak: 186M

vm_info: OpenJDK 64-Bit Server VM (17.0.1+12) for windows-amd64 JRE (17.0.1+12), built on Oct 20 2021 07:42:55 by "" with MS VC++ 16.7 (VS2019)

END.
